<?xml version="1.0" encoding="UTF-8"?>
<!-- Generated by org.testng.reporters.JUnitReportReporter -->
<testsuite hostname="DESKTOP-QQIG95F" failures="0" tests="1" name="Performer.Performercount" time="24.072" errors="0" timestamp="16 May 2023 12:03:44 GMT" skipped="0">
  <testcase classname="Performer.Performercount" name="Count" time="24.072"/>
</testsuite> <!-- Performer.Performercount -->
